2016-12-11 17:52:51,592 - os.name - Windows 8
2016-12-11 17:52:51,592 - os.arch - amd64
2016-12-11 17:52:51,593 - os.version - 6.2
2016-12-11 17:52:51,593 - java.version - 1.8.0_45
2016-12-11 17:52:51,593 - java.vendor - Oracle Corporation
2016-12-11 17:52:51,593 - java.vendor.url - http://java.oracle.com/
2016-12-11 17:52:51,593 - java.home - C:\Program Files\Java\jdk1.8.0_45\jre
2016-12-11 17:52:51,593 - java.vm.specification.name - Java Virtual Machine Specification
2016-12-11 17:52:51,593 - java.vm.specification.vendor - Oracle Corporation
2016-12-11 17:52:51,593 - java.vm.specification.version - 1.8
2016-12-11 17:52:51,593 - java.class.path - C:\eclipse\eclipse\\plugins/org.eclipse.equinox.launcher_1.3.0.v20140415-2008.jar
2016-12-11 17:52:51,594 - java.library.path - C:\eclipse\eclipse;C:\WINDOWS\Sun\Java\bin;C:\WINDOWS\system32;C:\WINDOWS;C:/Program Files/Java/jdk1.8.0_45/bin/../jre/bin/server;C:/Program Files/Java/jdk1.8.0_45/bin/../jre/bin;C:/Program Files/Java/jdk1.8.0_45/bin/../jre/lib/amd64;C:\ProgramData\Oracle\Java\javapath;C:\Program Files (x86)\Intel\iCLS Client\;C:\Program Files\Intel\iCLS Client\;C:\WINDOWS\system32;C:\WINDOWS;C:\WINDOWS\System32\Wbem;C:\WINDOWS\System32\WindowsPowerShell\v1.0\;C:\Program Files\Intel\Intel(R) Management Engine Components\DAL;C:\Program Files (x86)\Intel\Intel(R) Management Engine Components\DAL;C:\Program Files\Intel\Intel(R) Management Engine Components\IPT;C:\Program Files (x86)\Intel\Intel(R) Management Engine Components\IPT;C:\Program Files\Intel\WiFi\bin\;C:\Program Files\Common Files\Intel\WirelessCommon\;C:\Program Files\Java\jdk1.8.0_45\bin\;C:\Users\Ramesh\Downloads\apache-maven-3.3.3-bin\apache-maven-3.3.3\bin;C:\Program Files (x86)\MySQL\MySQL Fabric 1.5 & MySQL Utilities 1.5\;C:\Program Files (x86)\MySQL\MySQL Fabric 1.5 & MySQL Utilities 1.5\Doctrine extensions for PHP\;C:\Program Files\Microsoft\Web Platform Installer\;C:\Program Files (x86)\Skype\Phone\;C:\Users\Ramesh\AppData\Local\Android\sdk\tools;C:\Users\Ramesh\AppData\Local\Android\sdk\platform-tools;C:\PROGRA~2\Groovy\GROOVY~1.6\bin;C:\Program Files\Microsoft SQL Server\Client SDK\ODBC\110\Tools\Binn\;C:\Program Files (x86)\Microsoft SQL Server\120\Tools\Binn\;C:\Program Files\Microsoft SQL Server\120\Tools\Binn\;C:\Program Files\Microsoft SQL Server\120\DTS\Binn\;C:\WINDOWS\system32\config\systemprofile\.dnx\bin;C:\Program Files\Microsoft DNX\Dnvm\;C:\Program Files\Microsoft SQL Server\130\Tools\Binn\;C:\Program Files\nodejs\;C:\Users\Ramesh\androidauto\platform-tools;C:\Users\Ramesh\androidauto\tools\adb;C:\Users\Ramesh\AppData\Roaming\npm;%USERPROFILE%\AppData\Local\Microsoft\WindowsApps;;C:\eclipse\eclipse;;.
2016-12-11 17:52:51,594 - --------------------------------------
2016-12-11 17:52:51,594 - ## Eclipse Plug-ins Log Information ##
2016-12-11 17:52:51,594 - --------------------------------------
2016-12-11 17:52:51,656 - javax.el - 2.2.0.v201303151357
2016-12-11 17:52:51,658 - javax.servlet - 3.1.0.v201410161800
2016-12-11 17:52:51,659 - javax.servlet.jsp - 2.2.0.v201112011158
2016-12-11 17:52:51,660 - com.sun.el - 2.2.0.v201303151357
2016-12-11 17:52:51,660 - org.apache.commons.logging - 1.1.1.v201101211721
2016-12-11 17:52:51,662 - org.apache.jasper.glassfish - 2.2.2.v201205150955
2016-12-11 17:52:51,664 - org.apache.lucene.analysis - 3.5.0.v20120725-1805
2016-12-11 17:52:51,667 - org.apache.lucene.core - 3.5.0.v20120725-1805
2016-12-11 17:52:51,668 - org.eclipse.equinox.http.jetty - 3.1.0.v20141113-1503
2016-12-11 17:52:51,669 - org.eclipse.equinox.http.registry - 1.1.300.v20130402-1529
2016-12-11 17:52:51,670 - org.eclipse.equinox.http.servlet - 1.2.0.v20141208-1935
2016-12-11 17:52:51,671 - org.eclipse.equinox.jsp.jasper - 1.0.400.v20140922-1929
2016-12-11 17:52:51,673 - org.eclipse.equinox.jsp.jasper.registry - 1.0.300.v20130327-1442
2016-12-11 17:52:51,674 - org.eclipse.help.base - 4.0.300.v20141210-2000
2016-12-11 17:52:51,675 - org.eclipse.help.ui - 4.0.100.v20140401-0608
2016-12-11 17:52:51,676 - org.eclipse.help.webapp - 3.6.400.v20141030-0827
2016-12-11 17:52:51,677 - org.eclipse.jetty.continuation - 9.2.5.v20141112
2016-12-11 17:52:51,678 - org.eclipse.jetty.http - 9.2.5.v20141112
2016-12-11 17:52:51,679 - org.eclipse.jetty.io - 9.2.5.v20141112
2016-12-11 17:52:51,681 - org.eclipse.jetty.security - 9.2.5.v20141112
2016-12-11 17:52:51,683 - org.eclipse.jetty.server - 9.2.5.v20141112
2016-12-11 17:52:51,684 - org.eclipse.jetty.servlet - 9.2.5.v20141112
2016-12-11 17:52:51,686 - org.eclipse.jetty.util - 9.2.5.v20141112
2016-12-11 17:52:51,687 - org.eclipse.core.net - 1.2.300.v20141118-1725
2016-12-11 17:52:51,695 - org.eclipse.equinox.security - 1.2.0.v20130424-1801
2016-12-11 17:52:51,746 - org.eclipse.andmore.hierarchyviewer - 0.5.0.201512151015
2016-12-11 17:52:51,810 - org.eclipse.mylyn.bugzilla.core - 3.14.0.v20141127-1853
2016-12-11 17:52:51,811 - org.eclipse.mylyn.bugzilla.ui - 3.14.0.v20140930-1847
2016-12-11 17:52:51,886 - org.eclipse.sequoyah.device.backward - 2.1.0.N20120718-0509
2016-12-11 17:52:51,886 - org.eclipse.sequoyah.device.framework - 2.1.0.N20120718-0509
2016-12-11 17:52:51,887 - org.eclipse.sequoyah.device.framework.ui - 2.1.0.N20120718-0509
2016-12-11 17:52:51,888 - org.eclipse.sequoyah.device.service.start - 2.1.0.N20120718-0509
2016-12-11 17:52:51,889 - org.eclipse.sequoyah.device.service.stop - 2.1.0.N20120718-0509
2016-12-11 17:52:51,890 - org.eclipse.sequoyah.device.framework.wizard - 2.1.0.N20120718-0509
2016-12-11 17:52:51,967 - org.eclipse.mylyn.tasks.core - 3.14.0.v20141030-2213
2016-12-11 17:52:51,968 - org.eclipse.mylyn.tasks.index.core - 3.14.0.v20140930-1847
2016-12-11 17:52:51,968 - org.eclipse.mylyn.tasks.index.ui - 3.14.0.v20140930-1847
2016-12-11 17:52:51,969 - org.eclipse.mylyn.tasks.search - 3.14.0.v20140930-1847
2016-12-11 17:52:51,971 - org.eclipse.mylyn.tasks.ui - 3.14.0.v20141204-1815
2016-12-11 17:52:52,028 - org.eclipse.jpt.dbws.eclipselink.ui - 1.1.100.v201410251000
2016-12-11 17:52:52,029 - org.eclipse.jpt.dbws.eclipselink.core.gen - 1.1.100.v201308132122
2016-12-11 17:52:52,030 - javax.wsdl - 1.6.2.v201012040545
2016-12-11 17:52:52,031 - org.eclipse.persistence.dbws - 2.6.0.v20140809-296a69f
2016-12-11 17:52:52,032 - org.eclipse.persistence.dbws.builder - 2.6.0.v20140809-296a69f
2016-12-11 17:52:52,032 - org.eclipse.jpt.dbws.eclipselink.branding - 1.2.100.v201309202144
2016-12-11 17:52:52,117 - org.eclipse.egit.core - 4.0.0.201506090130-r
2016-12-11 17:52:52,119 - org.eclipse.egit.ui - 4.0.0.201506090130-r
2016-12-11 17:52:52,120 - org.eclipse.egit - 4.0.0.201506090130-r
2016-12-11 17:52:52,121 - org.eclipse.egit.doc - 4.0.0.201506090130-r
2016-12-11 17:52:52,194 - org.eclipse.gef - 3.10.1.201508170204
2016-12-11 17:52:52,276 - org.eclipse.mylyn.commons.identity.core - 1.6.0.v20140929-1821
2016-12-11 17:52:52,310 - javax.persistence - 2.1.0.v201304241213
2016-12-11 17:52:52,311 - org.eclipse.jpt.jpa.annotate - 1.0.100.v201309261652
2016-12-11 17:52:52,313 - org.eclipse.jpt.jpa.core - 3.4.0.v201312052110
2016-12-11 17:52:52,313 - org.eclipse.jpt.jpa.db - 2.2.100.v201311150251
2016-12-11 17:52:52,314 - org.eclipse.jpt.jpa.db.ui - 2.1.100.v201309202144
2016-12-11 17:52:52,315 - org.eclipse.jpt.jpa.gen - 2.3.100.v201309061349
2016-12-11 17:52:52,317 - org.eclipse.jpt.jpa.ui - 3.4.0.v201312022017
2016-12-11 17:52:52,318 - org.eclipse.jpt.doc.user - 3.2.100.v201308231650
2016-12-11 17:52:52,319 - org.eclipse.persistence.jpa.jpql - 2.6.0.v20140809-296a69f
2016-12-11 17:52:52,320 - org.apache.commons.collections - 3.2.0.v2013030210310
2016-12-11 17:52:52,321 - org.apache.commons.lang - 2.6.0.v201404270220
2016-12-11 17:52:52,322 - org.apache.velocity - 1.5.0.v200905192330
2016-12-11 17:52:52,323 - org.jdom - 1.1.1.v201101151400
2016-12-11 17:52:52,323 - org.eclipse.jpt.jpa.branding - 3.4.0.v201309202144
2016-12-11 17:52:52,376 - org.eclipse.datatools.enablement.sqlite - 1.0.0.v201002041100
2016-12-11 17:52:52,376 - org.eclipse.datatools.enablement.sqlite.dbdefinition - 1.0.2.v201206010441
2016-12-11 17:52:52,377 - org.eclipse.datatools.enablement.sqlite.ui - 1.0.0.v201107221507
2016-12-11 17:52:52,378 - org.eclipse.datatools.enablement.finfo - 1.5.1.v200906161800
2016-12-11 17:52:52,418 - org.eclipse.emf.codegen.ui - 2.6.0.v20160208-0841
2016-12-11 17:52:52,462 - org.eclipse.rse.subsystems.terminals.core - 1.0.300.201403100950
2016-12-11 17:52:52,463 - org.eclipse.rse.subsystems.terminals.ssh - 1.0.200.201403100950
2016-12-11 17:52:52,465 - org.eclipse.rse.terminals.ui - 1.2.100.201403211815
2016-12-11 17:52:52,519 - org.eclipse.mylyn.commons.notifications.core - 1.9.0.v20150625-2042
2016-12-11 17:52:52,520 - org.eclipse.mylyn.commons.notifications.feed - 1.9.0.v20150828-2041
2016-12-11 17:52:52,521 - org.eclipse.mylyn.commons.notifications.ui - 1.9.0.v20150625-2042
2016-12-11 17:52:52,565 - org.eclipse.emf.converter - 2.7.0.v20160208-0841
2016-12-11 17:52:52,568 - org.eclipse.emf.importer - 2.9.0.v20160208-0841
2016-12-11 17:52:52,569 - org.eclipse.emf.exporter - 2.7.0.v20160208-0841
2016-12-11 17:52:52,569 - org.eclipse.emf.importer.ecore - 2.8.0.v20160208-0841
2016-12-11 17:52:52,570 - org.eclipse.emf.importer.java - 2.7.0.v20160208-0841
2016-12-11 17:52:52,572 - org.eclipse.emf.importer.rose - 2.8.0.v20160208-0841
2016-12-11 17:52:52,657 - org.eclipse.datatools.enablement.oda.ws.ui - 1.2.6.v201403131825
2016-12-11 17:52:52,657 - org.eclipse.datatools.enablement.oda.xml.ui - 1.2.7.v201403131825
2016-12-11 17:52:52,658 - org.eclipse.datatools.connectivity.oda.flatfile.ui - 3.1.9.v201403131825
2016-12-11 17:52:52,732 - org.eclipse.datatools.enablement.postgresql.dbdefinition - 1.0.2.v201110070445
2016-12-11 17:52:52,732 - org.eclipse.datatools.enablement.postgresql - 1.1.1.v201205252207
2016-12-11 17:52:52,733 - org.eclipse.datatools.enablement.postgresql.ui - 1.0.0.v201107221506
2016-12-11 17:52:52,733 - org.eclipse.datatools.enablement.finfo - 1.5.1.v200906161800
2016-12-11 17:52:52,789 - org.eclipse.datatools.connectivity.oda.design.ui - 3.2.9.v201403131814
2016-12-11 17:52:52,789 - org.eclipse.datatools.connectivity.ui.dse - 1.1.5.v201212070447
2016-12-11 17:52:52,791 - org.eclipse.datatools.connectivity.ui - 1.2.4.v201212070447
2016-12-11 17:52:52,791 - org.eclipse.datatools.connectivity.sqm.core - 1.2.8.v201401230755
2016-12-11 17:52:52,792 - org.eclipse.datatools.help - 1.5.0.v200906020553
2016-12-11 17:52:52,810 - com.android.ide.eclipse.traceview - 23.0.7.2120684
2016-12-11 17:52:52,860 - org.eclipse.m2e.wtp.jsf - 1.2.0.20141217-1907
2016-12-11 17:52:52,893 - org.eclipse.datatools.connectivity.db.generic - 1.0.1.v201107221459
2016-12-11 17:52:52,894 - org.eclipse.datatools.connectivity.db.generic.ui - 1.0.2.v201211200622
2016-12-11 17:52:52,895 - org.eclipse.datatools.connectivity.dbdefinition.genericJDBC - 1.0.2.v201310181001
2016-12-11 17:52:52,898 - org.eclipse.emf.mapping - 2.9.0.v20160208-0841
2016-12-11 17:52:52,923 - org.eclipse.wst.common.project.facet.core - 1.4.300.v201111030423
2016-12-11 17:52:52,924 - org.eclipse.wst.common.project.facet.ui - 1.4.600.v201505072140
2016-12-11 17:52:52,964 - org.eclipse.emf.ecore - 2.11.2.v20160208-0816
2016-12-11 17:52:52,964 - org.eclipse.emf.ecore.change - 2.11.0.v20160208-0816
2016-12-11 17:52:52,965 - org.eclipse.emf.ecore.xmi - 2.11.1.v20160208-0816
2016-12-11 17:52:53,023 - org.eclipse.datatools.intro - 1.7.0.v201005281800
2016-12-11 17:52:53,074 - org.eclipse.jst.common.project.facet.core - 1.4.400.v201403261418
2016-12-11 17:52:53,075 - org.eclipse.jst.common.project.facet.ui - 1.4.510.v201501141810
2016-12-11 17:52:53,124 - org.eclipse.jgit - 4.0.0.201506090130-r
2016-12-11 17:52:53,125 - org.eclipse.jgit.archive - 4.0.0.201506090130-r
2016-12-11 17:52:53,126 - com.jcraft.jsch - 0.1.51.v201410302000
2016-12-11 17:52:53,128 - javaewah - 0.7.9.v201401101600
2016-12-11 17:52:53,132 - org.apache.commons.compress - 1.6.0.v201310281400
2016-12-11 17:52:53,135 - org.slf4j.api - 1.7.2.v20121108-1250
2016-12-11 17:52:53,136 - org.slf4j.impl.log4j12 - 1.7.2.v20131105-2200
2016-12-11 17:52:53,137 - org.apache.log4j - 1.2.15.v201012070815
2016-12-11 17:52:53,156 - org.eclipse.mylyn.wikitext.core - 2.3.0.v20140929-1849
2016-12-11 17:52:53,158 - org.eclipse.mylyn.wikitext.core.ant - 2.3.0.v20140929-1849
2016-12-11 17:52:53,159 - org.eclipse.mylyn.wikitext.core.osgi - 2.3.0.v20140929-1849
2016-12-11 17:52:53,159 - org.eclipse.mylyn.wikitext.textile.core - 2.3.0.v20140929-1849
2016-12-11 17:52:53,160 - org.eclipse.mylyn.wikitext.html.core - 2.3.0.v20140929-1849
2016-12-11 17:52:53,161 - org.eclipse.mylyn.wikitext.markdown.core - 2.3.0.v20140929-1849
2016-12-11 17:52:53,162 - org.eclipse.mylyn.wikitext.mediawiki.core - 2.3.0.v20140929-1849
2016-12-11 17:52:53,163 - org.eclipse.mylyn.wikitext.confluence.core - 2.3.0.v20141212-1839
2016-12-11 17:52:53,164 - org.eclipse.mylyn.wikitext.tracwiki.core - 2.3.0.v20140929-1849
2016-12-11 17:52:53,165 - org.eclipse.mylyn.wikitext.twiki.core - 2.3.0.v20140929-1849
2016-12-11 17:52:53,165 - org.eclipse.mylyn.wikitext.ui - 2.3.0.v20140929-1849
2016-12-11 17:52:53,166 - org.eclipse.mylyn.wikitext.help.ui - 2.3.0.v20140929-1849
2016-12-11 17:52:53,167 - org.eclipse.mylyn.wikitext.textile.ui - 2.3.0.v20140929-1849
2016-12-11 17:52:53,168 - org.eclipse.mylyn.wikitext.markdown.ui - 2.3.0.v20140929-1849
2016-12-11 17:52:53,169 - org.eclipse.mylyn.wikitext.mediawiki.ui - 2.3.0.v20140929-1849
2016-12-11 17:52:53,170 - org.eclipse.mylyn.wikitext.confluence.ui - 2.3.0.v20140929-1849
2016-12-11 17:52:53,171 - org.eclipse.mylyn.wikitext.tracwiki.ui - 2.3.0.v20140929-1849
2016-12-11 17:52:53,172 - org.eclipse.mylyn.wikitext.twiki.ui - 2.3.0.v20140929-1849
2016-12-11 17:52:53,172 - org.eclipse.mylyn.wikitext.tasks.ui - 2.3.0.v20140929-1849
2016-12-11 17:52:53,174 - org.eclipse.mylyn.wikitext.context.ui - 2.3.0.v20140929-1849
2016-12-11 17:52:53,226 - org.eclipse.jpt.jaxb.core - 1.4.0.v201308261913
2016-12-11 17:52:53,227 - org.eclipse.jpt.jaxb.core.schemagen - 1.1.100.v201309202144
2016-12-11 17:52:53,227 - org.eclipse.jpt.jaxb.ui - 1.5.0.v201308091549
2016-12-11 17:52:53,227 - org.eclipse.jpt.jaxb.branding - 1.4.0.v201309202144
2016-12-11 17:52:53,397 - org.eclipse.emf.mapping.ecore.editor - 2.6.0.v20160208-0841
2016-12-11 17:52:53,398 - org.eclipse.emf.mapping.ecore2ecore.editor - 2.7.0.v20160208-0841
2016-12-11 17:52:53,399 - org.eclipse.emf.mapping.ecore2xml.ui - 2.8.0.v20160208-0841
2016-12-11 17:52:53,450 - org.eclipse.datatools.enablement.finfo - 1.5.1.v200906161800
2016-12-11 17:52:53,451 - org.eclipse.datatools.sqltools.db.derby.ui - 1.0.0.v200906020900
2016-12-11 17:52:53,452 - org.eclipse.datatools.sqltools.db.generic.ui - 1.0.0.v200906020900
2016-12-11 17:52:53,495 - org.eclipse.datatools.enablement.jdt.classpath - 1.0.1.v201107221501
2016-12-11 17:52:53,515 - org.eclipse.mylyn.discovery.core - 3.14.0.v20140929-1821
2016-12-11 17:52:53,516 - org.eclipse.mylyn.discovery.ui - 3.14.0.v20140929-1821
2016-12-11 17:52:53,585 - org.eclipse.datatools.enablement.mysql.dbdefinition - 1.0.4.v201109022331
2016-12-11 17:52:53,586 - org.eclipse.datatools.enablement.mysql - 1.0.4.v201212120617
2016-12-11 17:52:53,587 - org.eclipse.datatools.enablement.mysql.ui - 1.0.0.v201109022331
2016-12-11 17:52:53,587 - org.eclipse.datatools.enablement.finfo - 1.5.1.v200906161800
2016-12-11 17:52:53,628 - org.eclipse.datatools.enablement.msft.sqlserver.dbdefinition - 1.0.1.v201201240505
2016-12-11 17:52:53,629 - org.eclipse.datatools.enablement.msft.sqlserver - 1.0.3.v201308161009
2016-12-11 17:52:53,630 - org.eclipse.datatools.enablement.msft.sqlserver.ui - 1.0.4.v201308031011
2016-12-11 17:52:53,630 - org.eclipse.datatools.enablement.finfo - 1.5.1.v200906161800
2016-12-11 17:52:53,655 - org.eclipse.sequoyah.localization.android - 2.1.0.N20120718-0509
2016-12-11 17:52:53,656 - org.eclipse.sequoyah.localization.android.help - 2.1.1.N20120718-0509
2016-12-11 17:52:53,716 - org.eclipse.m2e.wtp.jpa - 1.2.0.e43-20141217-1908
2016-12-11 17:52:53,808 - org.eclipse.jst.ws.jaxws.core - 1.0.400.v201409162006
2016-12-11 17:52:53,809 - org.eclipse.jst.ws.jaxws.ui - 1.0.400.v201309232152
2016-12-11 17:52:53,810 - javax.xml.ws - 2.1.0.v200902101523
2016-12-11 17:52:53,810 - javax.jws - 2.0.0.v201005080400
2016-12-11 17:52:53,811 - org.eclipse.jst.ws.annotations.core - 1.2.200.v201311102023
2016-12-11 17:52:53,812 - javax.xml.stream - 1.0.1.v201004272200
2016-12-11 17:52:53,813 - org.eclipse.jst.ws.jaxb.core - 1.0.200.v201309232152
2016-12-11 17:52:53,813 - javax.wsdl - 1.6.2.v201012040545
2016-12-11 17:52:53,813 - org.jdom - 1.1.1.v201101151400
2016-12-11 17:52:53,846 - org.eclipse.datatools.connectivity.doc.user.contexts - 1.7.0.20090521092446
2016-12-11 17:52:53,846 - org.eclipse.datatools.connectivity.doc.user - 1.7.0.20090521092446
2016-12-11 17:52:53,886 - org.eclipse.mylyn.tasks.bugs - 3.14.0.v20140930-1847
2016-12-11 17:52:53,887 - org.eclipse.mylyn.help.ui - 3.14.0.v20141209-1745
2016-12-11 17:52:53,922 - org.eclipse.emf.edit - 2.11.1.v20160208-0841
2016-12-11 17:52:53,948 - org.eclipse.mylyn.commons.core - 3.17.0.v20150625-2042
2016-12-11 17:52:53,949 - org.eclipse.mylyn.commons.screenshots - 3.17.0.v20150625-2042
2016-12-11 17:52:53,949 - org.eclipse.mylyn.commons.ui - 3.17.0.v20150828-2041
2016-12-11 17:52:53,950 - org.eclipse.mylyn.commons.workbench - 3.17.0.v20150828-2041
2016-12-11 17:52:53,985 - org.eclipse.mylyn.bugzilla.ide - 3.14.0.v20140930-2127
2016-12-11 17:52:53,986 - org.eclipse.mylyn.ide.ui - 3.14.0.v20140930-2127
2016-12-11 17:52:54,030 - org.eclipse.emf.databinding.edit - 1.3.0.v20160208-0841
2016-12-11 17:52:54,057 - org.eclipse.emf.codegen.ecore - 2.11.1.v20160208-0841
2016-12-11 17:52:54,058 - org.eclipse.emf.ant - 2.8.0.v20160208-0841
2016-12-11 17:52:54,140 - org.eclipse.m2e.archetype.common - 1.6.1.20150625-2337
2016-12-11 17:52:54,150 - org.eclipse.m2e.maven.indexer - 1.6.1.20150625-2337
2016-12-11 17:52:54,158 - org.eclipse.m2e.model.edit - 1.6.1.20150625-2338
2016-12-11 17:52:54,158 - org.eclipse.m2e.core - 1.6.1.20150625-2338
2016-12-11 17:52:54,159 - org.eclipse.m2e.launching - 1.6.1.20150625-2338
2016-12-11 17:52:54,160 - org.eclipse.m2e.workspace.cli - 0.3.1
2016-12-11 17:52:54,161 - org.eclipse.m2e.jdt - 1.6.1.20150625-2338
2016-12-11 17:52:54,163 - org.eclipse.m2e.editor - 1.6.1.20150625-2338
2016-12-11 17:52:54,164 - org.eclipse.m2e.editor.xml - 1.6.1.20150625-2338
2016-12-11 17:52:54,286 - org.eclipse.m2e.maven.runtime - 1.6.1.20150625-2337
2016-12-11 17:52:54,308 - org.eclipse.m2e.maven.runtime.slf4j.simple - 1.6.1.20150625-2337
2016-12-11 17:52:54,309 - org.eclipse.m2e.refactoring - 1.6.1.20150625-2338
2016-12-11 17:52:54,311 - org.eclipse.m2e.lifecyclemapping.defaults - 1.6.1.20150625-2338
2016-12-11 17:52:54,313 - org.eclipse.m2e.discovery - 1.6.1.20150625-2338
2016-12-11 17:52:54,315 - org.eclipse.m2e.core.ui - 1.6.1.20150625-2338
2016-12-11 17:52:54,315 - org.eclipse.m2e.scm - 1.6.1.20150625-2338
2016-12-11 17:52:54,316 - org.eclipse.m2e.jdt.ui - 1.6.1.20150625-2338
2016-12-11 17:52:54,317 - org.eclipse.m2e.profiles.core - 1.6.1.20150625-2338
2016-12-11 17:52:54,317 - org.eclipse.m2e.profiles.ui - 1.6.1.20150625-2338
2016-12-11 17:52:54,329 - org.eclipse.andmore.ndk - 0.5.0.201512151015
2016-12-11 17:52:54,367 - org.eclipse.datatools.connectivity.oda.consumer - 3.2.6.v201403131814
2016-12-11 17:52:54,369 - org.eclipse.datatools.connectivity.oda.design - 3.3.6.v201403131814
2016-12-11 17:52:54,371 - org.eclipse.datatools.connectivity.oda.profile - 3.2.9.v201403131814
2016-12-11 17:52:54,373 - org.eclipse.datatools.connectivity.oda - 3.4.3.v201405301249
2016-12-11 17:52:54,373 - org.eclipse.datatools.connectivity - 1.2.11.v201401230755
2016-12-11 17:52:54,415 - org.eclipse.sequoyah.localization.tools - 2.1.0.N20120718-0509
2016-12-11 17:52:54,416 - org.eclipse.sequoyah.localization.editor - 2.1.0.N20120718-0509
2016-12-11 17:52:54,459 - org.eclipse.mylyn.team.ui - 3.14.0.v20140930-2127
2016-12-11 17:52:54,505 - org.eclipse.emf.common.ui - 2.10.1.v20160208-0841
2016-12-11 17:52:54,541 - org.eclipse.sequoyah.device.common.utilities - 2.1.0.N20120718-0509
2016-12-11 17:52:54,581 - org.eclipse.emf.mapping.ui - 2.7.0.v20160208-0841
2016-12-11 17:52:54,626 - org.apache.commons.net - 3.2.0.v201305141515
2016-12-11 17:52:54,627 - org.eclipse.rse.connectorservice.telnet - 1.2.300.201403100950
2016-12-11 17:52:54,627 - org.eclipse.rse.services.telnet - 2.0.400.201403100950
2016-12-11 17:52:54,628 - org.eclipse.rse.subsystems.shells.telnet - 1.2.300.201403100950
2016-12-11 17:52:54,656 - org.eclipse.datatools.connectivity.oda.template.ui - 3.2.5.v201403131814
2016-12-11 17:52:54,693 - org.eclipse.datatools.enablement.ibm - 1.0.0.v201401170830
2016-12-11 17:52:54,694 - org.eclipse.datatools.enablement.ibm.db2 - 1.0.0.v201401170830
2016-12-11 17:52:54,695 - org.eclipse.datatools.enablement.ibm.db2.iseries.dbdefinition - 1.0.3.v201107221502
2016-12-11 17:52:54,695 - org.eclipse.datatools.enablement.ibm.db2.iseries - 1.0.2.v201107221502
2016-12-11 17:52:54,696 - org.eclipse.datatools.enablement.ibm.db2.iseries.ui - 1.0.3.v201212120614
2016-12-11 17:52:54,697 - org.eclipse.datatools.enablement.ibm.db2.luw.dbdefinition - 1.0.7.v201405302027
2016-12-11 17:52:54,698 - org.eclipse.datatools.enablement.ibm.db2.luw - 1.0.3.v201401170830
2016-12-11 17:52:54,699 - org.eclipse.datatools.enablement.ibm.db2.luw.ui - 1.0.6.v201402010752
2016-12-11 17:52:54,699 - org.eclipse.datatools.enablement.ibm.db2.zseries.dbdefinition - 1.0.4.v201107221502
2016-12-11 17:52:54,700 - org.eclipse.datatools.enablement.ibm.db2.zseries - 1.0.2.v201107221502
2016-12-11 17:52:54,701 - org.eclipse.datatools.enablement.ibm.db2.zseries.ui - 1.0.2.v201202100836
2016-12-11 17:52:54,703 - org.eclipse.datatools.enablement.ibm.informix.dbdefinition - 1.0.4.v201107221502
2016-12-11 17:52:54,704 - org.eclipse.datatools.enablement.ibm.informix - 1.0.1.v201107221502
2016-12-11 17:52:54,705 - org.eclipse.datatools.enablement.ibm.informix.ui - 1.0.3.v201202100836
2016-12-11 17:52:54,706 - org.eclipse.datatools.enablement.ibm.ui - 1.0.0.v201107221502
2016-12-11 17:52:54,742 - org.eclipse.rse.core - 3.3.100.201406091451
2016-12-11 17:52:54,743 - org.eclipse.rse.doc.user - 3.4.100.201403101646
2016-12-11 17:52:54,744 - org.eclipse.rse.efs - 2.1.401.201403100950
2016-12-11 17:52:54,745 - org.eclipse.rse.efs.ui - 2.1.400.201403100950
2016-12-11 17:52:54,746 - org.eclipse.rse.importexport - 1.2.300.201403100950
2016-12-11 17:52:54,747 - org.eclipse.rse.files.ui - 3.2.200.201403211850
2016-12-11 17:52:54,747 - org.eclipse.rse.processes.ui - 3.0.400.201403100950
2016-12-11 17:52:54,748 - org.eclipse.rse.services - 3.3.0.201403100950
2016-12-11 17:52:54,750 - org.eclipse.rse.shells.ui - 3.0.500.201403271554
2016-12-11 17:52:54,751 - org.eclipse.rse.subsystems.files.core - 3.3.1.201403100950
2016-12-11 17:52:54,751 - org.eclipse.rse.subsystems.processes.core - 3.1.300.201403100950
2016-12-11 17:52:54,752 - org.eclipse.rse.subsystems.processes.shell.linux - 1.1.400.201403100950
2016-12-11 17:52:54,753 - org.eclipse.rse.subsystems.shells.core - 3.1.300.201403271554
2016-12-11 17:52:54,754 - org.eclipse.rse.ui - 3.3.100.201404091417
2016-12-11 17:52:54,797 - org.eclipse.tm.terminal.view - 2.4.100.201405280638
2016-12-11 17:52:54,844 - org.eclipse.jpt.common.eclipselink.core - 1.3.100.v201308091549
2016-12-11 17:52:54,844 - org.eclipse.jpt.common.eclipselink.branding - 1.3.100.v201309202144
2016-12-11 17:52:54,876 - org.eclipse.tm.terminal - 3.2.300.201406060905
2016-12-11 17:52:54,904 - org.eclipse.datatools.connectivity.sqm.core.ui - 1.2.3.v201212070447
2016-12-11 17:52:54,904 - org.eclipse.datatools.connectivity.sqm.core - 1.2.8.v201401230755
2016-12-11 17:52:54,906 - org.eclipse.datatools.connectivity.sqm.server.ui - 1.1.101.v201212070447
2016-12-11 17:52:54,906 - org.eclipse.datatools.connectivity.ui.dse - 1.1.5.v201212070447
2016-12-11 17:52:54,906 - org.eclipse.datatools.connectivity.ui - 1.2.4.v201212070447
2016-12-11 17:52:54,906 - org.eclipse.datatools.connectivity - 1.2.11.v201401230755
2016-12-11 17:52:54,906 - org.eclipse.datatools.help - 1.5.0.v200906020553
2016-12-11 17:52:54,907 - org.eclipse.datatools.connectivity.console.profile - 1.0.10.v201109250955
2016-12-11 17:52:54,945 - org.eclipse.wst.jsdt.core - 1.3.401.v201507290128
2016-12-11 17:52:54,946 - org.eclipse.wst.jsdt.manipulation - 1.0.600.v201505071819
2016-12-11 17:52:54,946 - org.eclipse.wst.jsdt.ui - 1.1.601.v201507290118
2016-12-11 17:52:54,947 - org.eclipse.wst.jsdt.support.firefox - 1.0.500.v201402051800
2016-12-11 17:52:54,947 - org.eclipse.wst.jsdt.support.ie - 1.0.600.v201505071819
2016-12-11 17:52:54,949 - org.eclipse.wst.jsdt.doc - 1.4.101.v201507140011
2016-12-11 17:52:54,949 - org.eclipse.wst.jsdt.debug.core - 3.1.200.v201502261613
2016-12-11 17:52:54,950 - org.eclipse.wst.jsdt.debug.transport - 1.0.300.v201502261613
2016-12-11 17:52:54,951 - org.eclipse.wst.jsdt.debug.crossfire - 1.0.500.v201505071819
2016-12-11 17:52:54,952 - org.eclipse.wst.jsdt.debug.rhino - 1.0.400.v201503300052
2016-12-11 17:52:54,953 - org.eclipse.wst.jsdt.debug.rhino.debugger - 1.0.500.v201503300052
2016-12-11 17:52:54,954 - org.eclipse.wst.jsdt.debug.ui - 1.0.500.v201502261613
2016-12-11 17:52:54,955 - org.mozilla.javascript - 1.7.4.v201504221540
2016-12-11 17:52:55,049 - org.eclipse.wst.jsdt.web.core - 1.0.800.v201505130300
2016-12-11 17:52:55,050 - org.eclipse.wst.jsdt.web.ui - 1.0.800.v201403271809
2016-12-11 17:52:55,050 - org.eclipse.wst.html.ui.infopop - 1.0.201.v201409111852
2016-12-11 17:52:55,051 - org.eclipse.wst.web.ui.infopop - 1.0.300.v200805140206
2016-12-11 17:52:55,052 - org.eclipse.wst.css.ui - 1.0.901.v201501212057
2016-12-11 17:52:55,053 - org.eclipse.wst.html.ui - 1.0.1000.v201505130300
2016-12-11 17:52:55,053 - org.eclipse.wst.web.ui - 1.1.600.v201302011850
2016-12-11 17:52:55,073 - org.eclipse.datatools.common.doc.user - 1.7.0.20090521092446
2016-12-11 17:52:55,100 - org.eclipse.tm.terminal.telnet - 2.1.300.201405280638
2016-12-11 17:52:55,132 - org.eclipse.rse - 3.5.0.201403100950
2016-12-11 17:52:55,144 - org.eclipse.rse.services.local - 2.2.0.201403251512
2016-12-11 17:52:55,144 - org.eclipse.rse.subsystems.files.local - 2.1.300.201403251512
2016-12-11 17:52:55,145 - org.eclipse.rse.subsystems.processes.local - 2.1.400.201403100950
2016-12-11 17:52:55,146 - org.eclipse.rse.subsystems.shells.local - 2.1.400.201403100950
2016-12-11 17:52:55,146 - org.eclipse.rse.connectorservice.local - 2.1.400.201403100950
2016-12-11 17:52:55,181 - org.eclipse.datatools.enablement.hsqldb - 1.0.0.v201107221502
2016-12-11 17:52:55,182 - org.eclipse.datatools.enablement.hsqldb.dbdefinition - 1.0.0.v201107221502
2016-12-11 17:52:55,183 - org.eclipse.datatools.enablement.hsqldb.ui - 1.0.0.v201108120600
2016-12-11 17:52:55,183 - org.eclipse.datatools.enablement.finfo - 1.5.1.v200906161800
2016-12-11 17:52:55,207 - org.eclipse.datatools.sqltools.doc.user - 1.7.0.20090521092446
2016-12-11 17:52:55,207 - org.eclipse.datatools.sqltools.doc.user.contexts - 1.7.0.20090521092446
2016-12-11 17:52:55,240 - org.eclipse.m2e.wtp - 1.2.0.20141217-1907
2016-12-11 17:52:55,240 - org.eclipse.m2e.wtp.overlay - 1.2.0.20141217-1907
2016-12-11 17:52:55,241 - org.eclipse.m2e.wtp.overlay.ui - 1.2.0.20141217-1907
2016-12-11 17:52:55,281 - org.eclipse.jpt.common.utility - 2.3.0.v201311152020
2016-12-11 17:52:55,282 - org.eclipse.jpt.common.core - 1.4.0.v201308261915
2016-12-11 17:52:55,283 - org.eclipse.jpt.common.ui - 1.4.0.v201310111551
2016-12-11 17:52:55,283 - org.eclipse.jpt.common.branding - 1.4.0.v201309202144
2016-12-11 17:52:55,314 - org.eclipse.emf.edit.ui - 2.11.1.v20160208-0841
2016-12-11 17:52:55,343 - org.eclipse.help - 3.6.0.v20130326-1254
2016-12-11 17:52:55,345 - org.eclipse.ui - 3.107.0.v20141112-1026
2016-12-11 17:52:55,346 - org.eclipse.ui.workbench - 3.107.0.v20141201-1546
2016-12-11 17:52:55,347 - org.eclipse.update.configurator - 3.3.300.v20140518-1928
2016-12-11 17:52:55,347 - org.eclipse.rcp - 4.5.0.v20141210-2000
2016-12-11 17:52:55,384 - org.eclipse.cvs - 1.4.100.v20141210-2000
2016-12-11 17:52:55,385 - org.eclipse.team.cvs.core - 3.3.700.v20141117-1104
2016-12-11 17:52:55,386 - org.eclipse.team.cvs.ssh2 - 3.2.500.v20141118-1725
2016-12-11 17:52:55,387 - org.eclipse.team.cvs.ui - 3.3.700.v20141118-1725
2016-12-11 17:52:55,419 - org.eclipse.persistence.moxy - 2.6.0.v20130815-a4708b6
2016-12-11 17:52:55,420 - org.eclipse.jpt.jaxb.eclipselink.core - 1.3.100.v201308271450
2016-12-11 17:52:55,421 - org.eclipse.jpt.jaxb.eclipselink.ui - 1.4.100.v201308271450
2016-12-11 17:52:55,422 - org.eclipse.jpt.jaxb.eclipselink.core.schemagen - 1.2.100.v201309202144
2016-12-11 17:52:55,422 - org.eclipse.jpt.jaxb.eclipselink.branding - 1.4.100.v201309202144
2016-12-11 17:52:55,438 - org.eclipse.datatools.connectivity.apache.derby.dbdefinition - 1.0.2.v201107221459
2016-12-11 17:52:55,438 - org.eclipse.datatools.connectivity.apache.derby.ui - 1.0.3.v201107221459
2016-12-11 17:52:55,439 - org.eclipse.datatools.connectivity.apache.derby - 1.0.103.v201212070447
2016-12-11 17:52:55,440 - org.eclipse.datatools.modelbase.derby - 1.0.0.v201107221519
2016-12-11 17:52:55,441 - org.eclipse.datatools.sqltools.db.derby - 1.0.0.v201107221520
2016-12-11 17:52:55,466 - org.eclipse.jdt - 3.11.0.v20141210-2000
2016-12-11 17:52:55,467 - org.eclipse.ant.ui - 3.5.600.v20141008-1404
2016-12-11 17:52:55,467 - org.eclipse.jdt.apt.core - 3.3.700.v20141205-0720
2016-12-11 17:52:55,468 - org.eclipse.jdt.apt.ui - 3.3.500.v20140704-0625
2016-12-11 17:52:55,469 - org.eclipse.jdt.apt.pluggable.core - 1.0.500.v20141128-1116
2016-12-11 17:52:55,470 - org.eclipse.jdt.compiler.apt - 1.1.100.v20141106-0532
2016-12-11 17:52:55,471 - org.eclipse.jdt.compiler.tool - 1.0.400.v20141113-0653
2016-12-11 17:52:55,471 - org.eclipse.jdt.core - 3.11.0.v20141209-1931
2016-12-11 17:52:55,472 - org.eclipse.jdt.annotation - 2.0.100.v20140817-1401
2016-12-11 17:52:55,472 - org.eclipse.jdt.annotation - 2.0.100.v20140817-1401
2016-12-11 17:52:55,473 - org.eclipse.jdt.core.manipulation - 1.5.100.v20141002-1241
2016-12-11 17:52:55,474 - org.eclipse.jdt.debug.ui - 3.6.400.v20141118-1530
2016-12-11 17:52:55,553 - org.eclipse.jdt.debug - 3.8.200.v20141029-1654
2016-12-11 17:52:55,554 - org.eclipse.jdt.junit - 3.8.0.v20141114-1947
2016-12-11 17:52:55,554 - org.eclipse.jdt.junit.core - 3.7.300.v20141114-1947
2016-12-11 17:52:55,555 - org.eclipse.jdt.junit.runtime - 3.4.500.v20140527-1138
2016-12-11 17:52:55,557 - org.eclipse.jdt.junit4.runtime - 1.1.400.v20141114-1947
2016-12-11 17:52:55,558 - org.eclipse.jdt.launching - 3.7.200.v20141110-1449
2016-12-11 17:52:55,563 - org.eclipse.jdt.ui - 3.10.100.v20141208-1433
2016-12-11 17:52:55,722 - org.junit - 4.11.0.v201303080030
2016-12-11 17:52:55,723 - org.hamcrest.core - 1.3.0.v201303031735
2016-12-11 17:52:55,724 - org.eclipse.jdt.doc.user - 3.11.0.v20141008-0936
2016-12-11 17:52:55,725 - org.eclipse.ant.launching - 1.0.500.v20141008-1410
2016-12-11 17:52:55,776 - org.eclipse.emf.common - 2.11.1.v20160208-0816
2016-12-11 17:52:55,820 - org.eclipse.sequoyah.vnc.vncviewer.vncviews - 2.1.0.N20120718-0509
2016-12-11 17:52:55,861 - org.eclipse.egit.mylyn.ui - 4.0.0.201506090130-r
2016-12-11 17:52:55,897 - org.jdom - 1.1.1.v201101151400
2016-12-11 17:52:55,898 - org.eclipse.jst.ws.cxf.consumption.core - 1.0.300.v201309232152
2016-12-11 17:52:55,899 - org.eclipse.jst.ws.cxf.consumption.ui - 1.0.300.v201309232152
2016-12-11 17:52:55,899 - org.eclipse.jst.ws.cxf.core - 1.1.200.v201404292022
2016-12-11 17:52:55,900 - org.eclipse.jst.ws.cxf.creation.core - 1.0.401.v201408111743
2016-12-11 17:52:55,901 - org.eclipse.jst.ws.cxf.creation.ui - 1.0.300.v201403242125
2016-12-11 17:52:55,901 - org.eclipse.jst.ws.cxf.ui - 1.0.300.v201309232152
2016-12-11 17:52:55,902 - javax.wsdl - 1.6.2.v201012040545
2016-12-11 17:52:55,902 - javax.jws - 2.0.0.v201005080400
2016-12-11 17:52:55,902 - javax.xml.stream - 1.0.1.v201004272200
2016-12-11 17:52:55,902 - javax.xml.ws - 2.1.0.v200902101523
2016-12-11 17:52:55,948 - org.eclipse.datatools.enablement.sybase.asa.models - 1.0.0.v201107221507
2016-12-11 17:52:55,949 - org.eclipse.datatools.enablement.sybase.ase.models - 1.0.1.v201010140307
2016-12-11 17:52:55,950 - org.eclipse.datatools.enablement.sybase.asa - 1.0.2.v201212120618
2016-12-11 17:52:55,951 - org.eclipse.datatools.enablement.sybase.ase - 1.0.3.v201212120618
2016-12-11 17:52:55,951 - org.eclipse.datatools.enablement.sybase.ase.dbdefinition - 1.0.0.v201107221507
2016-12-11 17:52:55,952 - org.eclipse.datatools.enablement.sybase.asa.dbdefinition - 1.0.0.v200906161800
2016-12-11 17:52:55,953 - org.eclipse.datatools.enablement.sybase.asa.ui - 1.0.1.v200906111204
2016-12-11 17:52:55,954 - org.eclipse.datatools.enablement.sybase.ase.ui - 1.0.1.v200906020900
2016-12-11 17:52:55,954 - org.eclipse.datatools.enablement.sybase - 1.0.1.v201107221507
2016-12-11 17:52:55,955 - org.eclipse.datatools.enablement.sybase.models - 1.0.0.v201010140307
2016-12-11 17:52:55,956 - org.eclipse.datatools.enablement.sybase.ui - 1.0.0.v200906090452
2016-12-11 17:52:55,959 - org.eclipse.datatools.enablement.sybase.asa.schemaobjecteditor.examples - 2.5.0.200810071
2016-12-11 17:52:56,015 - org.eclipse.datatools.sqltools.common.ui - 1.0.1.v201212120623
2016-12-11 17:52:56,016 - org.eclipse.datatools.sqltools.debugger.core - 1.0.1.v201107221520
2016-12-11 17:52:56,017 - org.eclipse.datatools.sqltools.editor.core - 1.0.3.v201212120623
2016-12-11 17:52:56,018 - org.eclipse.datatools.sqltools.plan - 1.0.0.v201107221520
2016-12-11 17:52:56,018 - org.eclipse.datatools.sqltools.routineeditor - 1.0.0.v201107221520
2016-12-11 17:52:56,019 - org.eclipse.datatools.sqltools.sql - 1.0.1.v201110050515
2016-12-11 17:52:56,020 - org.eclipse.datatools.sqltools.sqleditor - 1.0.4.v201212120623
2016-12-11 17:52:56,021 - org.eclipse.datatools.sqltools.sqlscrapbook - 1.0.2.v201205310922
2016-12-11 17:52:56,021 - org.eclipse.datatools.help - 1.5.0.v200906020553
2016-12-11 17:52:56,022 - org.eclipse.datatools.sqltools.db.generic - 1.0.0.v201107221520
2016-12-11 17:52:56,023 - org.eclipse.datatools.sqltools.debugger.core.ui - 1.0.0.v201003161000
2016-12-11 17:52:56,023 - org.eclipse.datatools.sqltools.editor.core.ui - 1.0.0.v201001150815
2016-12-11 17:52:56,024 - org.eclipse.datatools.sqltools.result.ui - 1.1.3.v201302061703
2016-12-11 17:52:56,025 - org.eclipse.datatools.sqltools.routineeditor.ui - 1.0.3.v201211200616
2016-12-11 17:52:56,026 - org.eclipse.datatools.sqltools.sql.ui - 1.0.1.v201201270735
2016-12-11 17:52:56,072 - com.android.ide.eclipse.base - 23.0.7.2120684
2016-12-11 17:52:56,072 - com.android.ide.eclipse.ddms - 23.0.7.2120684
2016-12-11 17:52:56,112 - org.objectweb.asm - 5.0.1.v201404251740
2016-12-11 17:52:56,112 - org.eclipse.andmore - 0.5.0.201512151015
2016-12-11 17:52:56,113 - org.eclipse.andmore.base - 0.5.0.201512151015
2016-12-11 17:52:56,113 - org.eclipse.andmore.ddms - 0.5.0.201512151015
2016-12-11 17:52:56,114 - overlay.org.eclipse.andmore.overlay - 0.5.0.201512151015
2016-12-11 17:52:56,117 - org.apache.commons.codec - 1.6.0.v201305230611
2016-12-11 17:52:56,117 - org.apache.commons.compress - 1.6.0.v201310281400
2016-12-11 17:52:56,117 - org.apache.httpcomponents.httpclient - 4.3.6.v201411290715
2016-12-11 17:52:56,118 - org.apache.httpcomponents.httpcore - 4.3.3.v201411290715
2016-12-11 17:52:56,159 - org.eclipse.datatools.modelbase.dbdefinition - 1.0.2.v201107221519
2016-12-11 17:52:56,160 - org.eclipse.datatools.modelbase.sql.edit - 1.0.2.v201208230744
2016-12-11 17:52:56,161 - org.eclipse.datatools.modelbase.sql.query - 1.1.4.v201212120619
2016-12-11 17:52:56,163 - org.eclipse.datatools.modelbase.sql.query.edit - 1.0.1.v201110151245
2016-12-11 17:52:56,164 - org.eclipse.datatools.modelbase.sql.xml.query - 1.0.2.v201201131123
2016-12-11 17:52:56,164 - org.eclipse.datatools.modelbase.sql - 1.0.6.v201208230744
2016-12-11 17:52:56,206 - org.eclipse.wst.xsl.core - 1.1.301.v201405151730
2016-12-11 17:52:56,206 - org.eclipse.wst.xsl.debug.ui - 1.0.302.v201304240928
2016-12-11 17:52:56,207 - org.eclipse.wst.xsl.launching - 1.1.0.v201304240928
2016-12-11 17:52:56,208 - org.eclipse.wst.xsl.xalan - 1.0.100.v201208081544
2016-12-11 17:52:56,209 - org.eclipse.wst.xsl.ui - 1.1.301.v201304222136
2016-12-11 17:52:56,209 - org.eclipse.wst.xml.xpath.ui - 1.1.101.v201204252215
2016-12-11 17:52:56,210 - org.apache.xalan - 2.7.1.v201005080400
2016-12-11 17:52:56,210 - org.apache.commons.logging - 1.1.1.v201101211721
2016-12-11 17:52:56,211 - org.eclipse.wst.xsl.doc - 1.0.100.v201309251559
2016-12-11 17:52:56,212 - org.eclipse.wst.xml.xpath.core - 1.3.0.v201108312022
2016-12-11 17:52:56,212 - org.apache.xml.serializer - 2.7.1.v201005080400
2016-12-11 17:52:56,213 - org.apache.bcel - 5.2.0.v201005080400
2016-12-11 17:52:56,213 - java_cup.runtime - 0.10.0.v201005080400
2016-12-11 17:52:56,214 - org.eclipse.wst.xsl.saxon - 1.0.200.v201103081755
2016-12-11 17:52:56,214 - org.eclipse.wst.xsl - 1.2.0.v201309251559
2016-12-11 17:52:56,215 - org.eclipse.wst.xsl.jaxp.debug - 1.0.300.v201304102131
2016-12-11 17:52:56,215 - org.eclipse.wst.xsl.jaxp.debug.ui - 1.0.200.v201103081755
2016-12-11 17:52:56,216 - org.eclipse.wst.xsl.jaxp.launching - 1.0.300.v201304102131
2016-12-11 17:52:56,216 - org.apache.log4j - 1.2.15.v201012070815
2016-12-11 17:52:56,217 - org.eclipse.wst.xsl.exslt.core - 1.0.0.v201005240422
2016-12-11 17:52:56,218 - org.eclipse.wst.xsl.exslt.ui - 1.0.0.v201006012004
2016-12-11 17:52:56,261 - org.eclipse.rse.services.ssh - 3.2.100.201403281521
2016-12-11 17:52:56,262 - org.eclipse.rse.connectorservice.ssh - 2.1.300.201403100950
2016-12-11 17:52:56,263 - org.eclipse.rse.subsystems.files.ssh - 2.1.300.201403100950
2016-12-11 17:52:56,264 - org.eclipse.rse.subsystems.shells.ssh - 2.1.400.201403100950
2016-12-11 17:52:56,310 - org.eclipse.jst.ws - 1.0.750.v201503231435
2016-12-11 17:52:56,310 - org.eclipse.jst.j2ee.ui - 1.1.801.v201501141713
2016-12-11 17:52:56,311 - org.eclipse.jst.ws.axis.creation.ui - 1.0.850.v201505131719
2016-12-11 17:52:56,312 - org.eclipse.jst.ws.axis.consumption.ui - 1.0.800.v201505131719
2016-12-11 17:52:56,313 - org.eclipse.jst.j2ee.jca.ui - 1.1.500.v201304231803
2016-12-11 17:52:56,314 - org.eclipse.jst.j2ee.navigator.ui - 1.1.600.v201302011850
2016-12-11 17:52:56,314 - org.eclipse.jst.j2ee.webservice.ui - 1.1.500.v201302011850
2016-12-11 17:52:56,315 - org.eclipse.jst.ws.axis.consumption.core - 1.0.550.v201505131719
2016-12-11 17:52:56,315 - org.eclipse.jst.servlet.ui - 1.1.801.v201409042158
2016-12-11 17:52:56,316 - org.eclipse.jst.ws.ui - 1.0.500.v201505131719
2016-12-11 17:52:56,317 - org.eclipse.jst.ws.uddiregistry - 1.0.600.v201505131719
2016-12-11 17:52:56,318 - org.eclipse.jst.ws.creation.ui - 1.0.900.v201503111711
2016-12-11 17:52:56,319 - org.eclipse.jst.ws.consumption.ui - 1.1.800.v201504152025
2016-12-11 17:52:56,320 - org.eclipse.jst.ws.consumption - 1.0.800.v201505131719
2016-12-11 17:52:56,321 - org.eclipse.jst.j2ee.infopop - 1.0.300.v201309091923
2016-12-11 17:52:56,321 - org.eclipse.jst.jsp.ui.infopop - 1.0.200.v201309112106
2016-12-11 17:52:56,322 - org.eclipse.jst.servlet.ui.infopop - 1.0.500.v201105121947
2016-12-11 17:52:56,323 - org.eclipse.jst.ws.axis.infopop - 1.0.400.v201309242123
2016-12-11 17:52:56,323 - org.eclipse.jst.ws.consumption.infopop - 1.0.400.v201309242123
2016-12-11 17:52:56,324 - org.eclipse.jst.ws.infopop - 1.0.400.v201309242123
2016-12-11 17:52:56,325 - org.eclipse.jst.ws.creation.ejb.ui - 1.0.250.v201309242123
2016-12-11 17:52:56,326 - org.eclipse.jst.ejb.ui - 1.1.900.v201402130359
2016-12-11 17:52:56,327 - org.eclipse.jst.j2ee.ejb.annotations.ui - 1.1.200.v201004261420
2016-12-11 17:52:56,327 - org.eclipse.jst.j2ee.ejb.annotation.model - 1.1.300.v201004110730
2016-12-11 17:52:56,328 - org.eclipse.jst.j2ee.ejb.annotations.emitter - 1.1.200.v201004110730
2016-12-11 17:52:56,329 - org.eclipse.jst.j2ee.ejb.annotations.xdoclet - 1.2.200.v201103302126
2016-12-11 17:52:56,330 - org.eclipse.jst.j2ee.xdoclet.runtime - 1.1.300.v201004280609
2016-12-11 17:52:56,330 - org.eclipse.jst.jee.ui - 1.0.701.v201408251535
2016-12-11 17:52:56,330 - org.eclipse.jst.ejb.ui.infopop - 1.0.300.v201002231012
2016-12-11 17:52:56,331 - org.eclipse.jst.ws.jaxrs.core - 1.0.600.v201505131719
2016-12-11 17:52:56,332 - org.eclipse.jst.ws.jaxrs.ui - 1.0.700.v201505131719
2016-12-11 17:52:56,364 - org.apache.xerces - 2.9.0.v201101211617
2016-12-11 17:52:56,365 - org.apache.xml.resolver - 1.2.0.v201005080400
2016-12-11 17:52:56,365 - org.apache.xml.serializer - 2.7.1.v201005080400
2016-12-11 17:52:56,366 - org.eclipse.datatools.enablement.oda.ws - 1.2.6.v201403131825
2016-12-11 17:52:56,366 - org.eclipse.datatools.enablement.oda.xml - 1.2.5.v201403131825
2016-12-11 17:52:56,367 - javax.xml - 1.3.4.v201005080400
2016-12-11 17:52:56,367 - javax.wsdl - 1.6.2.v201012040545
2016-12-11 17:52:56,368 - org.eclipse.datatools.connectivity.oda.flatfile - 3.1.8.v201403010906
2016-12-11 17:52:56,406 - com.android.ide.eclipse.adt - 23.0.7.2120684
2016-12-11 17:52:56,406 - overlay.com.android.ide.eclipse.adt.overlay - 23.0.7.2120684
2016-12-11 17:52:56,461 - org.eclipse.jst.ws.axis2.core - 1.0.300.v201309242118
2016-12-11 17:52:56,461 - org.eclipse.jst.ws.axis2.ui - 1.0.400.v201309242118
2016-12-11 17:52:56,462 - org.eclipse.jst.ws.axis2.consumption.core - 1.0.200.v201309242118
2016-12-11 17:52:56,462 - org.eclipse.jst.ws.axis2.consumption.ui - 1.0.200.v201309242118
2016-12-11 17:52:56,463 - org.eclipse.jst.ws.axis2.creation.core - 1.0.200.v201309242118
2016-12-11 17:52:56,464 - org.eclipse.jst.ws.axis2.creation.ui - 1.0.200.v201309242118
2016-12-11 17:52:56,465 - org.eclipse.jst.ws.axis2.ui.doc.user - 1.0.200.v201309242118
2016-12-11 17:52:56,527 - org.apache.ant - 1.9.4.v201410062020
2016-12-11 17:52:56,528 - org.eclipse.ant.core - 3.3.0.v20140518-0042
2016-12-11 17:52:56,528 - com.jcraft.jsch - 0.1.51.v201410302000
2016-12-11 17:52:56,528 - org.eclipse.compare.core - 3.5.500.v20141202-1337
2016-12-11 17:52:56,529 - org.eclipse.compare - 3.5.600.v20141027-2038
2016-12-11 17:52:56,530 - org.eclipse.compare.win32 - 1.0.200.v20130514-1224
2016-12-11 17:52:56,531 - org.eclipse.core.filebuffers - 3.5.500.v20140723-1040
2016-12-11 17:52:56,532 - org.eclipse.core.filesystem - 1.4.200.v20140717-1930
2016-12-11 17:52:56,532 - org.eclipse.core.net - 1.2.300.v20141118-1725
2016-12-11 17:52:56,532 - org.eclipse.core.net.win32.x86_64 - 1.0.100.v20140124-2013
2016-12-11 17:52:56,533 - org.eclipse.core.resources - 3.9.100.v20141128-1217
2016-12-11 17:52:56,537 - org.eclipse.core.runtime.compatibility - 3.2.200.v20140128-0851
2016-12-11 17:52:56,564 - org.eclipse.core.runtime.compatibility.registry - 3.5.300.v20140128-0851
2016-12-11 17:52:56,565 - org.eclipse.osgi.util - 3.3.0.v20131023-1243
2016-12-11 17:52:56,566 - org.eclipse.debug.core - 3.10.0.v20141009-1205
2016-12-11 17:52:56,567 - org.eclipse.debug.ui - 3.11.0.v20141202-1241
2016-12-11 17:52:56,568 - org.eclipse.equinox.event - 1.3.100.v20140115-1647
2016-12-11 17:52:56,569 - org.eclipse.ltk.core.refactoring - 3.6.200.v20140826-0859
2016-12-11 17:52:56,569 - org.eclipse.ltk.ui.refactoring - 3.7.200.v20140625-1835
2016-12-11 17:52:56,569 - org.eclipse.platform - 4.5.0.v20141210-2000
2016-12-11 17:52:56,570 - org.eclipse.platform.doc.user - 4.5.0.v20141203-1638
2016-12-11 17:52:56,571 - org.eclipse.search - 3.9.200.v20141031-1513
2016-12-11 17:52:56,580 - org.eclipse.team.core - 3.7.100.v20141117-1104
2016-12-11 17:52:56,582 - org.eclipse.team.ui - 3.7.200.v20141118-1725
2016-12-11 17:52:56,583 - org.eclipse.text - 3.5.400.v20140915-2351
2016-12-11 17:52:56,584 - org.eclipse.jface.text - 3.10.0.v20141027-1716
2016-12-11 17:52:56,585 - org.eclipse.jsch.core - 1.2.0.v20141202-1415
2016-12-11 17:52:56,587 - org.eclipse.jsch.ui - 1.2.0.v20141202-1415
2016-12-11 17:52:56,588 - org.eclipse.ui.console - 3.6.0.v20141210-1834
2016-12-11 17:52:56,589 - org.eclipse.ui.intro - 3.4.300.v20141007-1449
2016-12-11 17:52:56,589 - org.eclipse.ui.intro.universal - 3.2.800.v20140805-1205
2016-12-11 17:52:56,590 - org.eclipse.ui.cheatsheets - 3.4.200.v20131227-1524
2016-12-11 17:52:56,590 - org.eclipse.ui.browser - 3.4.200.v20131003-1453
2016-12-11 17:52:56,591 - org.eclipse.ui.monitoring - 1.0.0.v20141117-1940
2016-12-11 17:52:56,591 - org.eclipse.ui.navigator - 3.5.500.v20141009-1311
2016-12-11 17:52:56,592 - org.eclipse.ui.navigator.resources - 3.4.800.v20141126-1326
2016-12-11 17:52:56,592 - org.eclipse.ui.net - 1.2.200.v20120807-0927
2016-12-11 17:52:56,593 - org.eclipse.ui.workbench.texteditor - 3.9.100.v20141023-1946
2016-12-11 17:52:56,594 - org.eclipse.ui.views - 3.7.100.v20141003-0011
2016-12-11 17:52:56,595 - org.eclipse.ui.editors - 3.9.0.v20141118-1526
2016-12-11 17:52:56,595 - org.eclipse.ui.externaltools - 3.2.300.v20140327-1949
2016-12-11 17:52:56,597 - org.eclipse.ui.ide - 3.10.100.v20141126-1713
2016-12-11 17:52:56,597 - org.eclipse.ui.ide.application - 1.0.600.v20141107-1428
2016-12-11 17:52:56,598 - org.eclipse.ui.win32 - 3.2.400.v20140423-2207
2016-12-11 17:52:56,598 - org.eclipse.core.resources.win32.x86_64 - 3.5.0.v20140124-1940
2016-12-11 17:52:56,598 - org.eclipse.core.filesystem.win32.x86_64 - 1.4.0.v20140124-1940
2016-12-11 17:52:56,599 - org.eclipse.core.variables - 3.2.800.v20130819-1716
2016-12-11 17:52:56,599 - org.eclipse.ui.forms - 3.6.100.v20140422-1825
2016-12-11 17:52:56,600 - org.eclipse.ui.views.properties.tabbed - 3.6.0.v20140519-0906
2016-12-11 17:52:56,600 - org.eclipse.equinox.security - 1.2.0.v20130424-1801
2016-12-11 17:52:56,601 - org.eclipse.equinox.security.ui - 1.1.200.v20130626-2037
2016-12-11 17:52:56,601 - org.eclipse.equinox.security.win32.x86_64 - 1.0.100.v20130327-1442
2016-12-11 17:52:56,602 - org.eclipse.core.externaltools - 1.0.300.v20140219-0051
2016-12-11 17:52:56,602 - org.eclipse.ui.themes - 1.1.0.v20141206-1300
2016-12-11 17:52:56,602 - org.eclipse.core.filesystem.java7 - 1.0.0.v20140429-1531
2016-12-11 17:52:56,633 - org.testng.eclipse - 6.9.10.201512150346
2016-12-11 17:52:56,666 - org.eclipse.emf.ecore.edit - 2.9.0.v20160208-0841
2016-12-11 17:52:56,667 - org.eclipse.emf.ecore.change.edit - 2.6.0.v20160208-0841
2016-12-11 17:52:56,696 - org.eclipse.sequoyah.vnc.protocol - 2.1.0.N20120718-0509
2016-12-11 17:52:56,732 - org.eclipse.persistence.antlr - 3.2.0.v201302191141
2016-12-11 17:52:56,733 - org.eclipse.persistence.asm - 5.0.1.v201405080102
2016-12-11 17:52:56,735 - org.eclipse.persistence.core - 2.6.0.v20140809-296a69f
2016-12-11 17:52:56,738 - org.eclipse.persistence.jpa - 2.6.0.v20140809-296a69f
2016-12-11 17:52:56,739 - org.eclipse.jpt.jpa.eclipselink.core - 2.4.0.v201309122001
2016-12-11 17:52:56,740 - org.eclipse.jpt.jpa.eclipselink.ui - 2.4.0.v201308271953
2016-12-11 17:52:56,741 - org.eclipse.jpt.jpa.eclipselink.core.ddlgen - 2.2.100.v201309202144
2016-12-11 17:52:56,741 - org.eclipse.jpt.jpa.eclipselink.branding - 3.4.0.v201309202144
2016-12-11 17:52:56,768 - org.eclipse.emf.mapping.ecore - 2.6.0.v20160208-0841
2016-12-11 17:52:56,768 - org.eclipse.emf.mapping.ecore2ecore - 2.9.0.v20160208-0841
2016-12-11 17:52:56,769 - org.eclipse.emf.mapping.ecore2xml - 2.9.0.v20160208-0841
2016-12-11 17:52:56,801 - org.eclipse.datatools.enablement.ingres - 1.0.0.v200906111150
2016-12-11 17:52:56,801 - org.eclipse.datatools.enablement.ingres.dbdefinition - 1.0.0.v200906161800
2016-12-11 17:52:56,802 - org.eclipse.datatools.enablement.ingres.ui - 1.0.0.v201105270214
2016-12-11 17:52:56,802 - org.eclipse.datatools.enablement.finfo - 1.5.1.v200906161800
2016-12-11 17:52:56,830 - org.eclipse.andmore.traceview - 0.5.0.201512151015
2016-12-11 17:52:56,849 - com.salesforce.ide - 35.0.0.201510211056
2016-12-11 17:52:56,850 - com.salesforce.ide.api - 35.0.0.201510211056
2016-12-11 17:52:56,850 - com.salesforce.ide.core - 35.0.0.201510211056
2016-12-11 17:52:56,850 - com.salesforce.ide.ui.editors - 35.0.0.201510211056
2016-12-11 17:52:56,851 - com.salesforce.ide.schemabrowser - 35.0.0.201510211056
2016-12-11 17:52:56,853 - com.salesforce.ide.deployment - 35.0.0.201510211056
2016-12-11 17:52:56,854 - com.salesforce.ide.documentation - 35.0.0.201510211056
2016-12-11 17:52:56,854 - com.salesforce.ide.branding - 35.0.0.201510211056
2016-12-11 17:52:56,854 - com.salesforce.ide.upgrade - 35.0.0.201510211056
2016-12-11 17:52:56,861 - com.salesforce.ide.core.compatibility - 35.0.0.201510211056
2016-12-11 17:52:56,862 - com.salesforce.ide.ui - 35.0.0.201510211056
2016-12-11 17:52:56,862 - com.salesforce.ide.core.compatibility.auth.equinox - 35.0.0.201510211056
2016-12-11 17:52:56,869 - com.salesforce.ide.apex.core - 35.0.0.201510211056
2016-12-11 17:52:56,892 - org.eclipse.emf.codegen - 2.11.0.v20160208-0841
2016-12-11 17:52:56,922 - org.eclipse.m2e.logback.configuration - 1.6.1.20150625-2338
2016-12-11 17:52:56,923 - org.eclipse.m2e.logback.appender - 1.6.1.20150625-2338
2016-12-11 17:52:56,955 - org.eclipse.wst.dtd.ui - 1.0.801.v201308100602
2016-12-11 17:52:56,956 - org.eclipse.wst.dtd.ui.infopop - 1.0.400.v201309112106
2016-12-11 17:52:56,956 - org.eclipse.wst.sse.ui.infopop - 1.0.300.v201309112106
2016-12-11 17:52:56,957 - org.eclipse.wst.xml.ui.infopop - 1.0.400.v201309112106
2016-12-11 17:52:56,958 - org.eclipse.wst.sse.ui - 1.3.400.v201505141512
2016-12-11 17:52:56,958 - org.eclipse.wst.xml.ui - 1.1.501.v201501212057
2016-12-11 17:52:56,960 - org.eclipse.wst.xsd.ui - 1.2.500.v201208081537
2016-12-11 17:52:56,986 - org.eclipse.datatools.doc.user - 1.7.0.20090521092446
2016-12-11 17:52:56,987 - org.eclipse.datatools.oda.cshelp - 1.1.2.v201309200751
2016-12-11 17:52:56,987 - org.eclipse.datatools.help - 1.5.0.v200906020553
2016-12-11 17:52:57,002 - org.eclipse.emf - 2.6.0.v20160208-0841
2016-12-11 17:52:57,047 - org.eclipse.epp.package.jee - 4.5.0.20141216-0645
2016-12-11 17:52:57,048 - org.eclipse.wtp.epp.package.jee.intro - 1.3.0.v201006142040
2016-12-11 17:52:57,048 - org.eclipse.wtp.javascript.capabilities - 1.0.100.v201005102000
2016-12-11 17:52:57,049 - org.eclipse.wtp.jee.capabilities - 1.0.100.v201005102000
2016-12-11 17:52:57,049 - org.eclipse.wtp.web.capabilities - 1.0.100.v201005102000
2016-12-11 17:52:57,050 - org.eclipse.wtp.xml.capabilities - 1.0.100.v201005102000
2016-12-11 17:52:57,051 - org.eclipse.wtp.epp.package.capabilities - 1.3.0.v201005102000
2016-12-11 17:52:57,079 - org.eclipse.draw2d - 3.10.1.201508170204
2016-12-11 17:52:57,115 - org.eclipse.andmore.gldebugger - 0.5.0.201512151015
2016-12-11 17:52:57,143 - org.eclipse.epp.mpc.core - 1.4.0.v20141216-2142
2016-12-11 17:52:57,143 - org.eclipse.epp.mpc.ui - 1.4.0.v20141216-2142
2016-12-11 17:52:57,143 - org.eclipse.epp.mpc.help.ui - 1.4.0.v20141216-2142
2016-12-11 17:52:57,143 - org.apache.httpcomponents.httpclient - 4.3.6.v201411290715
2016-12-11 17:52:57,143 - org.apache.httpcomponents.httpcore - 4.3.3.v201411290715
2016-12-11 17:52:57,180 - org.eclipse.dstore.core - 3.4.0.201404231656
2016-12-11 17:52:57,180 - org.eclipse.dstore.extra - 2.1.400.201403100950
2016-12-11 17:52:57,181 - org.eclipse.rse.connectorservice.dstore - 3.1.301.201403100950
2016-12-11 17:52:57,181 - org.eclipse.rse.services.dstore - 3.3.0.201406041609
2016-12-11 17:52:57,181 - org.eclipse.rse.subsystems.files.dstore - 2.1.300.201403100950
2016-12-11 17:52:57,182 - org.eclipse.rse.subsystems.processes.dstore - 2.1.400.201403100950
2016-12-11 17:52:57,182 - org.eclipse.rse.subsystems.shells.dstore - 2.1.400.201403100950
2016-12-11 17:52:57,183 - org.eclipse.rse.dstore.security - 3.0.400.201403100950
2016-12-11 17:52:57,201 - org.eclipse.cdt.gdb - 7.0.0.201509131935
2016-12-11 17:52:57,201 - org.eclipse.cdt.gdb.ui - 7.0.0.201509131935
2016-12-11 17:52:57,221 - org.eclipse.pde - 3.11.0.v20141210-2000
2016-12-11 17:52:57,243 - org.eclipse.pde.build - 3.9.100.v20140729-1921
2016-12-11 17:52:57,244 - org.eclipse.pde.core - 3.10.100.v20141022-2044
2016-12-11 17:52:57,244 - org.eclipse.pde.junit.runtime - 3.4.400.v20140204-1740
2016-12-11 17:52:57,245 - org.eclipse.pde.runtime - 3.4.400.v20140512-1555
2016-12-11 17:52:57,246 - org.eclipse.pde.ui - 3.8.200.v20141202-0801
2016-12-11 17:52:57,247 - org.eclipse.pde.doc.user - 3.11.0.v20140828-0915
2016-12-11 17:52:57,248 - org.eclipse.pde.ui.templates - 3.4.800.v20141107-0935
2016-12-11 17:52:57,248 - org.eclipse.ui.views.log - 1.0.600.v20141209-1925
2016-12-11 17:52:57,248 - org.objectweb.asm - 5.0.1.v201404251740
2016-12-11 17:52:57,249 - org.objectweb.asm.tree - 5.0.1.v201404251740
2016-12-11 17:52:57,250 - org.eclipse.pde.api.tools - 1.0.700.v20141122-1021
2016-12-11 17:52:57,250 - org.eclipse.pde.api.tools.annotations - 1.0.0.v20140602-1527
2016-12-11 17:52:57,251 - org.eclipse.pde.api.tools.ui - 1.0.600.v20141106-0710
2016-12-11 17:52:57,251 - org.eclipse.pde.ds.core - 1.0.300.v20140204-1740
2016-12-11 17:52:57,252 - org.eclipse.pde.ds.ui - 1.0.300.v20141124-1351
2016-12-11 17:52:57,253 - org.eclipse.pde.launching - 3.6.200.v20140521-1231
2016-12-11 17:52:57,253 - org.eclipse.pde.ua.core - 1.0.400.v20140702-1825
2016-12-11 17:52:57,254 - org.eclipse.pde.ua.ui - 1.0.300.v20140307-1548
2016-12-11 17:52:57,255 - org.eclipse.ui.trace - 1.0.300.v20141022-1031
2016-12-11 17:52:57,275 - com.android.ide.eclipse.hierarchyviewer - 23.0.7.2120684
2016-12-11 17:52:57,312 - net.sourceforge.lpg.lpgjavaruntime - 1.1.0.v201004271650
2016-12-11 17:52:57,313 - org.eclipse.datatools.sqltools.parsers.sql.lexer - 1.0.1.v201107221520
2016-12-11 17:52:57,314 - org.eclipse.datatools.sqltools.parsers.sql.query - 1.2.1.v201201250511
2016-12-11 17:52:57,314 - org.eclipse.datatools.sqltools.parsers.sql.xml.query - 1.0.0.v201107221520
2016-12-11 17:52:57,314 - org.eclipse.datatools.sqltools.parsers.sql - 1.0.2.v201107221520
2016-12-11 17:52:57,345 - org.eclipse.mylyn.java.ui - 3.14.0.v20140930-2127
2016-12-11 17:52:57,346 - org.eclipse.mylyn.java.tasks - 3.14.0.v20140930-2127
2016-12-11 17:52:57,346 - org.eclipse.mylyn.ide.ui - 3.14.0.v20140930-2127
2016-12-11 17:52:57,346 - org.eclipse.mylyn.ide.ant - 3.14.0.v20140930-2127
2016-12-11 17:52:57,347 - org.eclipse.mylyn.debug.ui - 3.14.0.v20140930-2127
2016-12-11 17:52:57,365 - org.eclipse.m2e.wtp.jaxrs - 1.2.0.20141217-1907
2016-12-11 17:52:57,387 - org.eclipse.datatools.sqltools.sql - 1.0.1.v201110050515
2016-12-11 17:52:57,387 - org.eclipse.datatools.sqltools.common.ui - 1.0.1.v201212120623
2016-12-11 17:52:57,387 - org.eclipse.datatools.sqltools.plan - 1.0.0.v201107221520
2016-12-11 17:52:57,387 - org.eclipse.datatools.sqltools.editor.core - 1.0.3.v201212120623
2016-12-11 17:52:57,387 - org.eclipse.datatools.sqltools.sqleditor - 1.0.4.v201212120623
2016-12-11 17:52:57,387 - org.eclipse.datatools.sqltools.ddlgen.ui - 1.0.3.v201211200616
2016-12-11 17:52:57,387 - org.eclipse.datatools.connectivity.db.generic - 1.0.1.v201107221459
2016-12-11 17:52:57,387 - org.eclipse.datatools.sqltools.editor.core.ui - 1.0.0.v201001150815
2016-12-11 17:52:57,387 - org.eclipse.datatools.sqltools.sql.ui - 1.0.1.v201201270735
2016-12-11 17:52:57,423 - org.eclipse.tm.terminal.ssh - 2.1.300.201405280638
2016-12-11 17:52:57,427 - org.eclipse.mylyn.commons.repositories.core - 1.6.0.v20140929-1821
2016-12-11 17:52:57,427 - org.eclipse.mylyn.commons.repositories.ui - 1.6.0.v20140929-1821
2016-12-11 17:52:57,468 - org.apache.commons.net - 3.2.0.v201305141515
2016-12-11 17:52:57,468 - org.eclipse.rse.services.files.ftp - 3.0.500.201403100950
2016-12-11 17:52:57,468 - org.eclipse.rse.subsystems.files.ftp - 2.2.0.201403100950
2016-12-11 17:52:57,503 - org.eclipse.andmore.android.common - 0.5.0.201512151015
2016-12-11 17:52:57,504 - org.eclipse.andmore.android.codeutils - 0.5.0.201512151015
2016-12-11 17:52:57,505 - org.eclipse.andmore.android.translation - 0.5.0.201512151015
2016-12-11 17:52:57,506 - org.eclipse.andmore.android.codesnippets - 0.5.0.201512151015
2016-12-11 17:52:57,507 - org.eclipse.andmore.android.db.core - 0.5.0.201512151015
2016-12-11 17:52:57,512 - org.eclipse.andmore.android.certmanager - 0.5.0.201512151015
2016-12-11 17:52:57,512 - org.eclipse.andmore.android.logger - 0.5.0.201512151015
2016-12-11 17:52:57,513 - org.eclipse.andmore.android - 0.5.0.201512151015
2016-12-11 17:52:57,513 - org.eclipse.andmore.android.emulator - 0.5.0.201512151015
2016-12-11 17:52:57,514 - org.eclipse.andmore.android.launch - 0.5.0.201512151015
2016-12-11 17:52:57,514 - org.eclipse.andmore.android.packaging.ui - 0.5.0.201512151015
2016-12-11 17:52:57,515 - org.eclipse.andmore.android.handset - 0.5.0.201512151015
2016-12-11 17:52:57,515 - org.eclipse.andmore.android.remote - 0.5.0.201512151015
2016-12-11 17:52:57,515 - org.eclipse.andmore.android.win32.x86_64 - 0.5.0.201512151015
2016-12-11 17:52:57,515 - org.eclipse.andmore.android.mat - 0.5.0.201512151015
2016-12-11 17:52:57,516 - org.eclipse.andmore.android.devices.services - 0.5.0.201512151015
2016-12-11 17:52:57,516 - org.eclipse.andmore.android.db.devices - 0.5.0.201512151015
2016-12-11 17:52:57,517 - org.eclipse.andmore.android.installer - 0.5.0.201512151015
2016-12-11 17:52:57,517 - org.eclipse.andmore.android.logger.collector - 0.5.0.201512151015
2016-12-11 17:52:57,546 - org.codehaus.groovy - 2.0.7.xx-201411061336-e42-RELEASE
2016-12-11 17:52:57,546 - org.codehaus.groovy.eclipse - 2.9.1.xx-201411061336-e42-RELEASE
2016-12-11 17:52:57,558 - org.eclipse.rse.useractions - 1.1.500.201403100950
2016-12-11 17:52:57,593 - org.eclipse.mylyn.monitor.core - 3.14.0.v20140929-1821
2016-12-11 17:52:57,594 - org.eclipse.mylyn.monitor.ui - 3.14.0.v20140929-1821
2016-12-11 17:52:57,619 - org.eclipse.sequoyah.vnc.vncviewer - 2.1.0.N20120718-0509
2016-12-11 17:52:57,645 - org.eclipse.emf.codegen.ecore.ui - 2.11.1.v20160208-0841
2016-12-11 17:52:57,667 - org.eclipse.emf.ecore.editor - 2.11.0.v20160208-0841
2016-12-11 17:52:57,676 - org.sonatype.m2e.mavenarchiver - 0.16.0.201401211452-signed-20140310144306
2016-12-11 17:52:57,710 - org.eclipse.mylyn.context.core - 3.14.0.v20140930-2127
2016-12-11 17:52:57,710 - org.eclipse.mylyn.context.ui - 3.14.0.v20140930-2127
2016-12-11 17:52:57,711 - org.eclipse.mylyn.resources.ui - 3.14.0.v20140930-2127
2016-12-11 17:52:57,711 - org.eclipse.mylyn.context.tasks.ui - 3.14.0.v20140930-2127
2016-12-11 17:52:57,752 - org.eclipse.datatools.enablement.oracle.dbdefinition - 1.0.103.v201206010214
2016-12-11 17:52:57,753 - org.eclipse.datatools.enablement.oracle - 1.0.0.v201107221506
2016-12-11 17:52:57,753 - org.eclipse.datatools.enablement.oracle.ui - 1.0.3.v201201131121
2016-12-11 17:52:57,753 - org.eclipse.datatools.enablement.finfo - 1.5.1.v200906161800
2016-12-11 17:52:57,793 - org.eclipse.emf.databinding - 1.3.0.v20160208-0841
2016-12-11 17:52:57,826 - org.eclipse.datatools.enablement.sap.maxdb.dbdefinition - 1.0.0.v201107221507
2016-12-11 17:52:57,828 - org.eclipse.datatools.enablement.sap.maxdb - 1.0.0.v201107221507
2016-12-11 17:52:57,830 - org.eclipse.datatools.enablement.sap.maxdb.ui - 1.0.0.v201107221507
2016-12-11 17:52:57,831 - org.eclipse.datatools.enablement.finfo - 1.5.1.v200906161800
2016-12-11 17:52:57,887 - java_cup.runtime - 0.10.0.v201005080400
2016-12-11 17:52:57,887 - org.apache.xerces - 2.9.0.v201101211617
2016-12-11 17:52:57,888 - org.eclipse.wst.xml.xpath2.processor - 2.1.101.v201409111854
2016-12-11 17:52:57,889 - org.eclipse.wst.xml.xpath2.wtptypes - 2.0.0.v201208081543
2016-12-11 17:52:57,889 - org.eclipse.wst.xml.xpath2 - 1.1.0.v201309251557
2016-12-11 17:52:57,889 - org.eclipse.wst.xml.xpath2.processor.doc.user - 2.0.0.v201209212251
