2016-12-11 17:52:57,889 [Worker-4] DEBUG class java.lang.Class - Starting Andmore Common Plugin...
2016-12-11 17:52:57,890 [Worker-4] DEBUG class java.lang.Class - Andmore Common Plugin started.
2016-12-11 17:52:57,890 [Worker-4] DEBUG class java.lang.Class - Starting Andmore Plugin...
2016-12-11 17:52:57,892 [Worker-4] DEBUG class java.lang.Class - Andmore Plugin started.
2016-12-11 17:52:57,918 [Worker-4] DEBUG class java.lang.Class - Starting Andmore Emulator Plugin...
2016-12-11 17:52:57,936 [Worker-4] DEBUG class java.lang.Class - Andmore Emulator Plugin started.
2016-12-11 17:52:58,743 [Worker-4] DEBUG class java.lang.Class - Starting Andmore Handset Plugin...
2016-12-11 17:52:58,743 [Worker-4] DEBUG class java.lang.Class - Andmore Handset Plugin started.
2016-12-11 17:52:58,745 [Worker-4] DEBUG class java.lang.Class - Starting Andmore Remote Device Plugin...
2016-12-11 17:52:58,746 [Worker-4] DEBUG class java.lang.Class - Starting Andmore Remote Device Plugin started.
2016-12-11 17:52:58,750 [Worker-4] DEBUG class java.lang.Class - Starting Andmore Device Services Plugin...
2016-12-11 17:52:58,751 [Worker-4] DEBUG class java.lang.Class - Andmore Device Services Plugin started.
2016-12-11 17:52:58,770 [Instance Event Manager] INFO  Studio for Android - The android device instance status was updated: Nexus_5_API_22_x86 Status: OFF
2016-12-11 17:52:58,773 [Instance Event Manager] INFO  Studio for Android - The android device instance status was updated: ffffgv Status: OFF
2016-12-11 17:52:58,773 [Instance Event Manager] INFO  Studio for Android - The android device instance status was updated: Galaxy_Nexus_API_23 Status: OFF
2016-12-11 17:52:58,773 [Instance Event Manager] INFO  Studio for Android - The android device instance status was updated: Gnexus Status: OFF
2016-12-11 17:52:58,773 [Instance Event Manager] INFO  Studio for Android - The android device instance status was updated: Bulludevice Status: OFF
2016-12-11 17:52:58,773 [Instance Event Manager] INFO  Studio for Android - The android device instance status was updated: test Status: OFF
2016-12-11 17:52:58,773 [Instance Event Manager] INFO  Studio for Android - The android device instance status was updated: appiumtest Status: OFF
2016-12-11 17:52:58,774 [Instance Event Manager] INFO  Studio for Android - The android device instance status was updated: Nexus_5_API_23_x86 Status: OFF
2016-12-11 17:52:58,774 [Instance Event Manager] INFO  Studio for Android - The android device instance status was updated: Tunkudevice Status: OFF
2016-12-11 17:52:58,774 [Instance Event Manager] INFO  Studio for Android - The android device instance status was updated: Mbb Status: OFF
2016-12-11 17:52:58,778 [Instance Event Manager] INFO  Studio for Android - The android device instance status was updated: Nexus_5_API_22_x86 Status: org.eclipse.andmore.android.emulator.status.notavailable
2016-12-11 17:52:58,781 [Instance Event Manager] INFO  Studio for Android - The android device instance status was updated: ffffgv Status: org.eclipse.andmore.android.emulator.status.notavailable
2016-12-11 17:52:58,781 [Instance Event Manager] INFO  Studio for Android - The android device instance status was updated: Galaxy_Nexus_API_23 Status: org.eclipse.andmore.android.emulator.status.notavailable
2016-12-11 17:52:58,781 [Instance Event Manager] INFO  Studio for Android - The android device instance status was updated: Gnexus Status: org.eclipse.andmore.android.emulator.status.notavailable
2016-12-11 17:52:58,781 [Instance Event Manager] INFO  Studio for Android - The android device instance status was updated: Bulludevice Status: org.eclipse.andmore.android.emulator.status.notavailable
2016-12-11 17:52:58,781 [Instance Event Manager] INFO  Studio for Android - The android device instance status was updated: test Status: org.eclipse.andmore.android.emulator.status.notavailable
2016-12-11 17:52:58,781 [Instance Event Manager] INFO  Studio for Android - The android device instance status was updated: appiumtest Status: org.eclipse.andmore.android.emulator.status.notavailable
2016-12-11 17:52:58,781 [Instance Event Manager] INFO  Studio for Android - The android device instance status was updated: Nexus_5_API_23_x86 Status: org.eclipse.andmore.android.emulator.status.notavailable
2016-12-11 17:52:58,781 [Instance Event Manager] INFO  Studio for Android - The android device instance status was updated: Tunkudevice Status: org.eclipse.andmore.android.emulator.status.notavailable
2016-12-11 17:52:58,781 [Instance Event Manager] INFO  Studio for Android - The android device instance status was updated: Mbb Status: org.eclipse.andmore.android.emulator.status.notavailable
2016-12-11 17:52:58,796 [Worker-4] INFO  Studio for Android - [Status: id=org.eclipse.andmore.android.emulator.status.offline;name=Offline]
2016-12-11 17:52:58,796 [Worker-4] INFO  Studio for Android - [Status: id=org.eclipse.andmore.android.handset.status.handsetonline;name=Online]
2016-12-11 17:52:58,796 [Worker-4] INFO  Studio for Android - [Status: id=INACTIVE;name=INACTIVE]
2016-12-11 17:52:58,796 [Worker-4] INFO  Studio for Android - [Status: id=org.eclipse.andmore.android.emulator.status.notavailable;name=Not available]
2016-12-11 17:52:58,796 [Worker-4] INFO  Studio for Android - [Status: id=IDLE;name=IDLE]
2016-12-11 17:52:58,796 [Worker-4] INFO  Studio for Android - [Status: id=org.eclipse.andmore.android.remote.status.connected;name=Connected]
2016-12-11 17:52:58,796 [Worker-4] INFO  Studio for Android - [Status: id=org.eclipse.andmore.android.remote.status.disconnected;name=Disconnected]
2016-12-11 17:52:58,796 [Worker-4] INFO  Studio for Android - [Status: id=org.eclipse.andmore.android.emulator.status.online;name=Online]
2016-12-11 17:52:58,796 [Worker-4] INFO  Studio for Android - [Status: id=OFF;name=OFF]
2016-12-11 17:52:58,796 [Worker-4] INFO  Studio for Android - [Status: id=org.eclipse.andmore.android.emulator.status.offlineNoData;name=Offline (no user data)]
2016-12-11 17:52:59,669 [Worker-9] DEBUG class org.eclipse.andmore.android.AndroidPlugin - Notify SDK loader listeners
2016-12-11 17:53:00,218 [Instance Event Manager] INFO  Studio for Android - The android device instance status was updated: Bulludevice Status: org.eclipse.andmore.android.emulator.status.offline
2016-12-11 17:53:00,219 [Instance Event Manager] INFO  Studio for Android - The android device instance status was updated: Gnexus Status: org.eclipse.andmore.android.emulator.status.offline
2016-12-11 17:53:00,914 [Worker-9] DEBUG class org.eclipse.andmore.android.AndroidPlugin - Notify SDK loader listeners
